# JRE version: OpenJDK Runtime Environment (17.0.6) (build 17.0.6+0-b2043.56-10027231)
# Java VM: OpenJDK 64-Bit Server VM (17.0.6+0-b2043.56-10027231, mixed mode, tiered, compressed oops, compressed class ptrs, g1 gc, windows-amd64)
GC Precious Log:
 CPUs: 2 total, 2 available
 Memory: 3691M
 Large Page Support: Disabled
 NUMA Support: Disabled
 Compressed Oops: Enabled (32-bit)
 Heap Region Size: 1M
 Heap Min Capacity: 8M
 Heap Initial Capacity: 58M
 Heap Max Capacity: 2G
 Pre-touch: Disabled
 Parallel Workers: 2
 Concurrent Workers: 1
 Concurrent Refinement Workers: 2
 Periodic GC: Disabled
Heap:
 garbage-first heap   total 243712K, used 221206K [0x0000000080000000, 0x0000000100000000)
  region size 1024K, 91 young (93184K), 5 survivors (5120K)
 Metaspace       used 99002K, committed 99712K, reserved 1138688K
  class space    used 12995K, committed 13312K, reserved 1048576K
GC Heap History (20 events):
Event: 364.983 GC heap before
{Heap before GC invocations=129 (full 0):
 garbage-first heap   total 243712K, used 214449K [0x0000000080000000, 0x0000000100000000)
  region size 1024K, 120 young (122880K), 4 survivors (4096K)
 Metaspace       used 71376K, committed 72000K, reserved 1114112K
  class space    used 9207K, committed 9472K, reserved 1048576K
}
Event: 364.999 GC heap after
{Heap after GC invocations=130 (full 0):
 garbage-first heap   total 243712K, used 96675K [0x0000000080000000, 0x0000000100000000)
  region size 1024K, 5 young (5120K), 5 survivors (5120K)
 Metaspace       used 71376K, committed 72000K, reserved 1114112K
  class space    used 9207K, committed 9472K, reserved 1048576K
}
Event: 366.007 GC heap before
{Heap before GC invocations=130 (full 0):
 garbage-first heap   total 243712K, used 213411K [0x0000000080000000, 0x0000000100000000)
  region size 1024K, 119 young (121856K), 5 survivors (5120K)
 Metaspace       used 71378K, committed 72000K, reserved 1114112K
  class space    used 9207K, committed 9472K, reserved 1048576K
}
Event: 366.014 GC heap after
{Heap after GC invocations=131 (full 0):
 garbage-first heap   total 243712K, used 92341K [0x0000000080000000, 0x0000000100000000)
  region size 1024K, 2 young (2048K), 2 survivors (2048K)
 Metaspace       used 71378K, committed 72000K, reserved 1114112K
  class space    used 9207K, committed 9472K, reserved 1048576K
}
Event: 366.941 GC heap before
{Heap before GC invocations=131 (full 0):
 garbage-first heap   total 243712K, used 215221K [0x0000000080000000, 0x0000000100000000)
  region size 1024K, 122 young (124928K), 2 survivors (2048K)
 Metaspace       used 71379K, committed 72000K, reserved 1114112K
  class space    used 9207K, committed 9472K, reserved 1048576K
}
Event: 366.948 GC heap after
{Heap after GC invocations=132 (full 0):
 garbage-first heap   total 243712K, used 92288K [0x0000000080000000, 0x0000000100000000)
  region size 1024K, 2 young (2048K), 2 survivors (2048K)
 Metaspace       used 71379K, committed 72000K, reserved 1114112K
  class space    used 9207K, committed 9472K, reserved 1048576K
}
Event: 368.036 GC heap before
{Heap before GC invocations=132 (full 0):
 garbage-first heap   total 243712K, used 217216K [0x0000000080000000, 0x0000000100000000)
  region size 1024K, 122 young (124928K), 2 survivors (2048K)
 Metaspace       used 71383K, committed 72000K, reserved 1114112K
  class space    used 9207K, committed 9472K, reserved 1048576K
}
Event: 368.044 GC heap after
{Heap after GC invocations=133 (full 0):
 garbage-first heap   total 243712K, used 91434K [0x0000000080000000, 0x0000000100000000)
  region size 1024K, 1 young (1024K), 1 survivors (1024K)
 Metaspace       used 71383K, committed 72000K, reserved 1114112K
  class space    used 9207K, committed 9472K, reserved 1048576K
}
Event: 371.689 GC heap before
{Heap before GC invocations=133 (full 0):
 garbage-first heap   total 243712K, used 216362K [0x0000000080000000, 0x0000000100000000)
  region size 1024K, 122 young (124928K), 1 survivors (1024K)
 Metaspace       used 71453K, committed 72064K, reserved 1114112K
  class space    used 9208K, committed 9472K, reserved 1048576K
}
Event: 371.695 GC heap after
{Heap after GC invocations=134 (full 0):
 garbage-first heap   total 243712K, used 92419K [0x0000000080000000, 0x0000000100000000)
  region size 1024K, 1 young (1024K), 1 survivors (1024K)
 Metaspace       used 71453K, committed 72064K, reserved 1114112K
  class space    used 9208K, committed 9472K, reserved 1048576K
}
Event: 373.183 GC heap before
{Heap before GC invocations=134 (full 0):
 garbage-first heap   total 243712K, used 216323K [0x0000000080000000, 0x0000000100000000)
  region size 1024K, 121 young (123904K), 1 survivors (1024K)
 Metaspace       used 71455K, committed 72064K, reserved 1114112K
  class space    used 9208K, committed 9472K, reserved 1048576K
}
Event: 373.190 GC heap after
{Heap after GC invocations=135 (full 0):
 garbage-first heap   total 243712K, used 92520K [0x0000000080000000, 0x0000000100000000)
  region size 1024K, 1 young (1024K), 1 survivors (1024K)
 Metaspace       used 71455K, committed 72064K, reserved 1114112K
  class space    used 9208K, committed 9472K, reserved 1048576K
}
Event: 374.886 GC heap before
{Heap before GC invocations=135 (full 0):
 garbage-first heap   total 243712K, used 215400K [0x0000000080000000, 0x0000000100000000)
  region size 1024K, 121 young (123904K), 1 survivors (1024K)
 Metaspace       used 71457K, committed 72064K, reserved 1114112K
  class space    used 9208K, committed 9472K, reserved 1048576K
}
Event: 374.892 GC heap after
{Heap after GC invocations=136 (full 0):
 garbage-first heap   total 243712K, used 91696K [0x0000000080000000, 0x0000000100000000)
  region size 1024K, 1 young (1024K), 1 survivors (1024K)
 Metaspace       used 71457K, committed 72064K, reserved 1114112K
  class space    used 9208K, committed 9472K, reserved 1048576K
}
Event: 377.184 GC heap before
{Heap before GC invocations=136 (full 0):
 garbage-first heap   total 243712K, used 219696K [0x0000000080000000, 0x0000000100000000)
  region size 1024K, 122 young (124928K), 1 survivors (1024K)
 Metaspace       used 71516K, committed 72128K, reserved 1114112K
  class space    used 9217K, committed 9472K, reserved 1048576K
}
Event: 377.198 GC heap after
{Heap after GC invocations=137 (full 0):
 garbage-first heap   total 243712K, used 99372K [0x0000000080000000, 0x0000000100000000)
  region size 1024K, 6 young (6144K), 6 survivors (6144K)
 Metaspace       used 71516K, committed 72128K, reserved 1114112K
  class space    used 9217K, committed 9472K, reserved 1048576K
}
Event: 387.748 GC heap before
{Heap before GC invocations=137 (full 0):
 garbage-first heap   total 243712K, used 217132K [0x0000000080000000, 0x0000000100000000)
  region size 1024K, 115 young (117760K), 6 survivors (6144K)
 Metaspace       used 84710K, committed 85376K, reserved 1130496K
  class space    used 10925K, committed 11200K, reserved 1048576K
}
Event: 387.804 GC heap after
{Heap after GC invocations=138 (full 0):
 garbage-first heap   total 243712K, used 106545K [0x0000000080000000, 0x0000000100000000)
  region size 1024K, 13 young (13312K), 13 survivors (13312K)
 Metaspace       used 84710K, committed 85376K, reserved 1130496K
  class space    used 10925K, committed 11200K, reserved 1048576K
}
Event: 392.856 GC heap before
{Heap before GC invocations=138 (full 0):
 garbage-first heap   total 243712K, used 175153K [0x0000000080000000, 0x0000000100000000)
  region size 1024K, 81 young (82944K), 13 survivors (13312K)
 Metaspace       used 88570K, committed 89216K, reserved 1130496K
  class space    used 11449K, committed 11776K, reserved 1048576K
}
Event: 392.932 GC heap after
{Heap after GC invocations=139 (full 0):
 garbage-first heap   total 243712K, used 111638K [0x0000000080000000, 0x0000000100000000)
  region size 1024K, 5 young (5120K), 5 survivors (5120K)
 Metaspace       used 88570K, committed 89216K, reserved 1130496K
  class space    used 11449K, committed 11776K, reserved 1048576K
}

